Z:\Txus\Images\Icons\Packs\File Types\PNG\APK.png
Z:\Txus\Images\Icons\Packs\File Types\PNG\CSS.png
Z:\Txus\Images\Icons\Packs\File Types\PNG\fileList.log
Z:\Txus\Images\Icons\Packs\File Types\PNG\HTML.png
Z:\Txus\Images\Icons\Packs\File Types\PNG\INI.png
Z:\Txus\Images\Icons\Packs\File Types\PNG\JAR.png
Z:\Txus\Images\Icons\Packs\File Types\PNG\JS.png
Z:\Txus\Images\Icons\Packs\File Types\PNG\JSON.png
Z:\Txus\Images\Icons\Packs\File Types\PNG\LESS.png
Z:\Txus\Images\Icons\Packs\File Types\PNG\MP3.png
Z:\Txus\Images\Icons\Packs\File Types\PNG\PDF.png
Z:\Txus\Images\Icons\Packs\File Types\PNG\SASS.png
Z:\Txus\Images\Icons\Packs\File Types\PNG\SRT.png
Z:\Txus\Images\Icons\Packs\File Types\PNG\TS.png
Z:\Txus\Images\Icons\Packs\File Types\PNG\TXT.png
Z:\Txus\Images\Icons\Packs\File Types\PNG\XML.png
Z:\Txus\Images\Icons\Packs\File Types\PNG\_file.png
Z:\Txus\Images\Icons\Packs\File Types\PNG\_plain_text.png
Z:\Txus\Images\Icons\Packs\File Types\PNG\16px\APK.png
Z:\Txus\Images\Icons\Packs\File Types\PNG\16px\CSS.png
Z:\Txus\Images\Icons\Packs\File Types\PNG\16px\HTML.png
Z:\Txus\Images\Icons\Packs\File Types\PNG\16px\INI.png
Z:\Txus\Images\Icons\Packs\File Types\PNG\16px\JAR.png
Z:\Txus\Images\Icons\Packs\File Types\PNG\16px\JS.png
Z:\Txus\Images\Icons\Packs\File Types\PNG\16px\JSON.png
Z:\Txus\Images\Icons\Packs\File Types\PNG\16px\LESS.png
Z:\Txus\Images\Icons\Packs\File Types\PNG\16px\MP3.png
Z:\Txus\Images\Icons\Packs\File Types\PNG\16px\PDF.png
Z:\Txus\Images\Icons\Packs\File Types\PNG\16px\SASS.png
Z:\Txus\Images\Icons\Packs\File Types\PNG\16px\SRT.png
Z:\Txus\Images\Icons\Packs\File Types\PNG\16px\TS.png
Z:\Txus\Images\Icons\Packs\File Types\PNG\16px\TXT.png
Z:\Txus\Images\Icons\Packs\File Types\PNG\16px\XML.png
Z:\Txus\Images\Icons\Packs\File Types\PNG\16px\_file.png
Z:\Txus\Images\Icons\Packs\File Types\PNG\16px\_plain_text.png
